<?xml version="1.0" encoding="UTF-8"?>
<!-- Generated by org.testng.reporters.JUnitXMLReporter -->
<testsuite ignored="9" hostname="Shubham-HDI123" failures="1" tests="1" name="Test" time="5.996" errors="0" timestamp="2023-06-14T15:19:40 IST">
  <testcase classname="ShubhamProject.test" name="test3" time="0.008">
    <failure type="java.lang.NullPointerException" message="Cannot invoke &amp;quot;com.aventstack.extentreports.ExtentReports.createTest(String)&amp;quot; because &amp;quot;this.report&amp;quot; is null">
      <![CDATA[java.lang.NullPointerException: Cannot invoke "com.aventstack.extentreports.ExtentReports.createTest(String)" because "this.report" is null
at ShubhamProject.pageObjects.testCode2(pageObjects.java:897)
at ShubhamProject.test.test3(test.java:171)
at java.base/java.util.ArrayList.forEach(ArrayList.java:1511)
... Removed 27 stack frames]]>
    </failure>
  </testcase> <!-- test3 -->
  <testcase classname="ShubhamProject.test" name="tc3copy" time="0.0">
    <ignored/>
  </testcase> <!-- tc3copy -->
  <testcase classname="ShubhamProject.test" name="tc3" time="0.0">
    <ignored/>
  </testcase> <!-- tc3 -->
  <testcase classname="ShubhamProject.test" name="tc4" time="0.0">
    <ignored/>
  </testcase> <!-- tc4 -->
  <testcase classname="ShubhamProject.test" name="test" time="0.0">
    <ignored/>
  </testcase> <!-- test -->
  <testcase classname="ShubhamProject.test" name="tc5" time="0.0">
    <ignored/>
  </testcase> <!-- tc5 -->
  <testcase classname="ShubhamProject.test" name="test1" time="0.0">
    <ignored/>
  </testcase> <!-- test1 -->
  <testcase classname="ShubhamProject.test" name="tc6" time="0.0">
    <ignored/>
  </testcase> <!-- tc6 -->
  <testcase classname="ShubhamProject.test" name="tc1" time="0.0">
    <ignored/>
  </testcase> <!-- tc1 -->
  <testcase classname="ShubhamProject.test" name="tc2" time="0.0">
    <ignored/>
  </testcase> <!-- tc2 -->
</testsuite> <!-- Test -->
