<?xml version="1.0" encoding="UTF-8"?>
<testng-results ignored="0" total="1" passed="1" failed="0" skipped="0">
  <reporter-output>
  </reporter-output>
  <suite started-at="2023-07-26T15:18:20 IST" name="Default suite" finished-at="2023-07-26T15:18:26 IST" duration-ms="5812">
    <groups>
    </groups>
    <test started-at="2023-07-26T15:18:20 IST" name="Default test" finished-at="2023-07-26T15:18:26 IST" duration-ms="5812">
      <class name="ShubhamProject.test3">
        <test-method signature="test()[pri:0, instance:ShubhamProject.test3@4b45a2f5]" started-at="2023-07-26T15:18:20 IST" name="test" finished-at="2023-07-26T15:18:26 IST" duration-ms="5761" status="PASS">
          <reporter-output>
          </reporter-output>
        </test-method> <!-- test -->
      </class> <!-- ShubhamProject.test3 -->
    </test> <!-- Default test -->
  </suite> <!-- Default suite -->
</testng-results>
